<?xml version="1.0" encoding="UTF-8"?>
<testng-results skipped="0" failed="1" ignored="0" total="1" passed="0">
  <reporter-output>
  </reporter-output>
  <suite name="Default suite" duration-ms="396831" started-at="2019-03-22T17:54:42Z" finished-at="2019-03-22T18:01:19Z">
    <groups>
    </groups>
    <test name="Default test" duration-ms="396831" started-at="2019-03-22T17:54:42Z" finished-at="2019-03-22T18:01:19Z">
      <class name="Selenium.MoneyControl.Base.AppTest">
        <test-method status="PASS" signature="setUp()[pri:0, instance:Selenium.MoneyControl.Base.AppTest@5b275dab]" name="setUp" is-config="true" duration-ms="26461" started-at="2019-03-22T17:54:42Z" finished-at="2019-03-22T17:55:09Z">
          <reporter-output>
          </reporter-output>
        </test-method> <!-- setUp -->
        <test-method status="FAIL" signature="GetMutualFundsDetails()[pri:0, instance:Selenium.MoneyControl.Base.AppTest@5b275dab]" name="GetMutualFundsDetails" duration-ms="370326" started-at="2019-03-22T17:55:09Z" finished-at="2019-03-22T18:01:19Z">
          <exception class="java.lang.IndexOutOfBoundsException">
            <message>
              <![CDATA[Index: 7, Size: 5]]>
            </message>
            <full-stacktrace>
              <![CDATA[java.lang.IndexOutOfBoundsException: Index: 7, Size: 5
at java.util.ArrayList.rangeCheck(Unknown Source)
at java.util.ArrayList.get(Unknown Source)
at Selenium.MoneyControl.Pages.HomePageTest.getMutualFunds(HomePageTest.java:46)
at Selenium.MoneyControl.Pages.HomePageTest.getMutualFundSectors(HomePageTest.java:36)
at Selenium.MoneyControl.Pages.HomePageTest.MutualFundsRunner(HomePageTest.java:21)
at Selenium.MoneyControl.Base.AppTest.GetMutualFundsDetails(AppTest.java:20)
at sun.reflect.NativeMethodAccessorImpl.invoke0(Native Method)
at sun.reflect.NativeMethodAccessorImpl.invoke(Unknown Source)
at sun.reflect.DelegatingMethodAccessorImpl.invoke(Unknown Source)
at java.lang.reflect.Method.invoke(Unknown Source)
at org.testng.internal.MethodInvocationHelper.invokeMethod(MethodInvocationHelper.java:124)
at org.testng.internal.Invoker.invokeMethod(Invoker.java:583)
at org.testng.internal.Invoker.invokeTestMethod(Invoker.java:719)
at org.testng.internal.Invoker.invokeTestMethods(Invoker.java:989)
at org.testng.internal.TestMethodWorker.invokeTestMethods(TestMethodWorker.java:125)
at org.testng.internal.TestMethodWorker.run(TestMethodWorker.java:109)
at org.testng.TestRunner.privateRun(TestRunner.java:648)
at org.testng.TestRunner.run(TestRunner.java:505)
at org.testng.SuiteRunner.runTest(SuiteRunner.java:455)
at org.testng.SuiteRunner.runSequentially(SuiteRunner.java:450)
at org.testng.SuiteRunner.privateRun(SuiteRunner.java:415)
at org.testng.SuiteRunner.run(SuiteRunner.java:364)
at org.testng.SuiteRunnerWorker.runSuite(SuiteRunnerWorker.java:52)
at org.testng.SuiteRunnerWorker.run(SuiteRunnerWorker.java:84)
at org.testng.TestNG.runSuitesSequentially(TestNG.java:1208)
at org.testng.TestNG.runSuitesLocally(TestNG.java:1137)
at org.testng.TestNG.runSuites(TestNG.java:1049)
at org.testng.TestNG.run(TestNG.java:1017)
at org.testng.remote.AbstractRemoteTestNG.run(AbstractRemoteTestNG.java:115)
at org.testng.remote.RemoteTestNG.initAndRun(RemoteTestNG.java:251)
at org.testng.remote.RemoteTestNG.main(RemoteTestNG.java:77)
]]>
            </full-stacktrace>
          </exception> <!-- java.lang.IndexOutOfBoundsException -->
          <reporter-output>
          </reporter-output>
        </test-method> <!-- GetMutualFundsDetails -->
      </class> <!-- Selenium.MoneyControl.Base.AppTest -->
    </test> <!-- Default test -->
  </suite> <!-- Default suite -->
</testng-results>
